  **** HLS Build v2024.2 5238294
INFO: [HLS 200-2005] Using work_dir C:/Users/Burak/Desktop/TAU/HLS/PositFFT/PositFFT/PositFFT 
INFO: [HLS 200-1505] Using default flow_target 'vivado'
Resolution: For help on HLS 200-1505 see docs.xilinx.com/access/sources/dita/topic?Doc_Version=2024.2%20English&url=ug1448-hls-guidance&resourceid=200-1505.html
INFO: [HLS 200-1465] Applying ini 'syn.file=C:\Users\Burak\Desktop\TAU\HLS\PositFFT\PositFFT\posit.hpp' from C:/Users/Burak/Desktop/TAU/HLS/PositFFT/PositFFT/hls_config.cfg(7)
INFO: [HLS 200-10] Adding design file 'C:/Users/Burak/Desktop/TAU/HLS/PositFFT/PositFFT/posit.hpp' to the project
INFO: [HLS 200-1465] Applying ini 'syn.file=C:\Users\Burak\Desktop\TAU\HLS\PositFFT\PositFFT\posit_lib.cpp' from C:/Users/Burak/Desktop/TAU/HLS/PositFFT/PositFFT/hls_config.cfg(8)
INFO: [HLS 200-10] Adding design file 'C:/Users/Burak/Desktop/TAU/HLS/PositFFT/PositFFT/posit_lib.cpp' to the project
INFO: [HLS 200-1465] Applying ini 'tb.file=posit_fft_test.cpp' from C:/Users/Burak/Desktop/TAU/HLS/PositFFT/PositFFT/hls_config.cfg(11)
INFO: [HLS 200-10] Adding test bench file 'C:/Users/Burak/Desktop/TAU/HLS/PositFFT/PositFFT/posit_fft_test.cpp' to the project
INFO: [HLS 200-1465] Applying ini 'syn.top=dFFT' from C:/Users/Burak/Desktop/TAU/HLS/PositFFT/PositFFT/hls_config.cfg(10)
INFO: [HLS 200-1465] Applying ini 'flow_target=vivado' from C:/Users/Burak/Desktop/TAU/HLS/PositFFT/PositFFT/hls_config.cfg(4)
INFO: [HLS 200-1505] Using flow_target 'vivado'
Resolution: For help on HLS 200-1505 see docs.xilinx.com/access/sources/dita/topic?Doc_Version=2024.2%20English&url=ug1448-hls-guidance&resourceid=200-1505.html
INFO: [HLS 200-1465] Applying ini 'part=xazu3teg-sfvc784-1Q-q' from C:/Users/Burak/Desktop/TAU/HLS/PositFFT/PositFFT/hls_config.cfg(1)
INFO: [HLS 200-1611] Setting target device to 'xazu3teg-sfvc784-1Q-q'
INFO: [HLS 200-1465] Applying ini 'csim.code_analyzer=0' from C:/Users/Burak/Desktop/TAU/HLS/PositFFT/PositFFT/hls_config.cfg(9)
INFO: [HLS 200-1465] Applying ini 'package.output.format=ip_catalog' from C:/Users/Burak/Desktop/TAU/HLS/PositFFT/PositFFT/hls_config.cfg(5)
INFO: [SIM 211-2] *************** CSIM start ***************
INFO: [SIM 211-4] CSIM will launch CLANG as the compiler.
INFO: [HLS 200-2036] Building debug C Simulation binaries
   Compiling ../../../../posit_fft_test.cpp in debug mode
csim.mk:88: recipe for target 'obj/posit_fft_test.o' failed
In file included from ../../../../posit_fft_test.cpp:1:
In file included from ../../../../posit.hpp:1:
In file included from C:/Xilinx/Vitis/2024.2/include/ap_int.h:10:
In file included from C:/Xilinx/Vitis/2024.2/include/etc/ap_common.h:658:
In file included from C:/Xilinx/Vitis/2024.2/include/etc/ap_private.h:68:
In file included from C:/Xilinx/Vitis/2024.2/include/hls_half.h:26:
In file included from C:/Xilinx/Vitis/2024.2/include/etc/hls_half_fpo.h:19:
In file included from C:/Xilinx/Vitis/2024.2/include/hls_fpo.h:140:
In file included from C:/Xilinx/Vitis/2024.2/include/floating_point_v7_1_bitacc_cmodel.h:150:
C:/Xilinx/Vitis/2024.2/include/gmp.h:58:9: warning: '__GMP_LIBGMP_DLL' macro redefined [-Wmacro-redefined]
#define __GMP_LIBGMP_DLL  0
        ^
C:/Xilinx/Vitis/2024.2/include/floating_point_v7_1_bitacc_cmodel.h:142:9: note: previous definition is here
#define __GMP_LIBGMP_DLL 1
        ^
../../../../posit_fft_test.cpp:185:29: error: use of undeclared identifier 'signalStream'
    writeToFile(signalFile, signalStream);
                            ^
../../../../posit_fft_test.cpp:186:5: error: no matching function for call to 'writeToFile'
    writeToFile(pOutputFileReal, RC_real);
    ^~~~~~~~~~~
../../../../posit_fft_test.cpp:53:6: note: candidate function not viable: no known conversion from 'hls::stream<double>' to 'const std::vector<double>' for 2nd argument
void writeToFile(const std::string& filename, const std::vector<double>& data) {
     ^
../../../../posit_fft_test.cpp:187:5: error: no matching function for call to 'writeToFile'
    writeToFile(pOutputFileImag, RC_imag);    
    ^~~~~~~~~~~
../../../../posit_fft_test.cpp:53:6: note: candidate function not viable: no known conversion from 'hls::stream<double>' to 'const std::vector<double>' for 2nd argument
void writeToFile(const std::string& filename, const std::vector<double>& data) {
     ^
../../../../posit_fft_test.cpp:188:5: error: no matching function for call to 'writeToFile'
    writeToFile(dOutputFileReal, d_fftResult.real);
    ^~~~~~~~~~~
../../../../posit_fft_test.cpp:53:6: note: candidate function not viable: no known conversion from 'hls::stream<double>' to 'const std::vector<double>' for 2nd argument
void writeToFile(const std::string& filename, const std::vector<double>& data) {
     ^
../../../../posit_fft_test.cpp:189:5: error: no matching function for call to 'writeToFile'
    writeToFile(dOutputFileImag, d_fftResult.imag);
    ^~~~~~~~~~~
../../../../posit_fft_test.cpp:53:6: note: candidate function not viable: no known conversion from 'hls::stream<double>' to 'const std::vector<double>' for 2nd argument
void writeToFile(const std::string& filename, const std::vector<double>& data) {
     ^
../../../../posit_fft_test.cpp:190:5: error: no matching function for call to 'writeToFileFloat'
    writeToFileFloat(fOutputFileReal, f_fftResult.real);
    ^~~~~~~~~~~~~~~~
../../../../posit_fft_test.cpp:37:6: note: candidate function not viable: no known conversion from 'hls::stream<float>' to 'const std::vector<float>' for 2nd argument
void writeToFileFloat(const std::string& filename, const std::vector<float>& vec) {
     ^
../../../../posit_fft_test.cpp:191:5: error: no matching function for call to 'writeToFileFloat'
    writeToFileFloat(fOutputFileImag, f_fftResult.imag);
    ^~~~~~~~~~~~~~~~
../../../../posit_fft_test.cpp:37:6: note: candidate function not viable: no known conversion from 'hls::stream<float>' to 'const std::vector<float>' for 2nd argument
void writeToFileFloat(const std::string& filename, const std::vector<float>& vec) {
     ^
../../../../posit_fft_test.cpp:194:23: error: no matching function for call to 'computeSNR'
    double snrPosit = computeSNR(d_fftResult.real, RC_real);
                      ^~~~~~~~~~
../../../../posit_fft_test.cpp:88:8: note: candidate function not viable: no known conversion from 'hls::stream<double>' to 'const std::vector<double>' for 1st argument
double computeSNR(const std::vector<double>& original, const std::vector<double>& reconstructed) {
       ^
../../../../posit_fft_test.cpp:195:23: error: no matching function for call to 'computeSNRFloat'
    double snrFloat = computeSNRFloat(d_fftResult.real, f_fftResult.real);
                      ^~~~~~~~~~~~~~~
../../../../posit_fft_test.cpp:103:8: note: candidate function not viable: no known conversion from 'hls::stream<double>' to 'const std::vector<double>' for 1st argument
double computeSNRFloat(const std::vector<double>& original, const std::vector<float>& converted) {
       ^
../../../../posit_fft_test.cpp:209:70: error: use of undeclared identifier 'signalStream'
    dIFFT(d_fftResult.real, d_fftResult.imag, d_reconstructedSignal, signalStream.size());
                                                                     ^
../../../../posit_fft_test.cpp:212:5: error: no matching function for call to 'writeToFile'
    writeToFile(difftOutputFile, d_reconstructedSignal);
    ^~~~~~~~~~~
../../../../posit_fft_test.cpp:53:6: note: candidate function not viable: no known conversion from 'hls::stream<double>' to 'const std::vector<double>' for 2nd argument
void writeToFile(const std::string& filename, const std::vector<double>& data) {
     ^
../../../../posit_fft_test.cpp:216:70: error: use of undeclared identifier 'signalStream'
    fIFFT(f_fftResult.real, f_fftResult.imag, f_reconstructedSignal, signalStream.size());
                                                                     ^
../../../../posit_fft_test.cpp:217:5: error: no matching function for call to 'writeToFileFloat'
    writeToFileFloat(fifftOutputFile, f_reconstructedSignal);
    ^~~~~~~~~~~~~~~~
../../../../posit_fft_test.cpp:37:6: note: candidate function not viable: no known conversion from 'hls::stream<float>' to 'const std::vector<float>' for 2nd argument
void writeToFileFloat(const std::string& filename, const std::vector<float>& vec) {
     ^
../../../../posit_fft_test.cpp:222:37: error: use of undeclared identifier 'convertPositArrayToDouble'
    std::vector<double> RC_result = convertPositArrayToDouble(p_reconstructedSignal);
                                    ^
../../../../posit_fft_test.cpp:226:16: error: no matching function for call to 'computeSNR'
    snrPosit = computeSNR(d_reconstructedSignal, RC_result);
               ^~~~~~~~~~
../../../../posit_fft_test.cpp:88:8: note: candidate function not viable: no known conversion from 'hls::stream<double>' to 'const std::vector<double>' for 1st argument
double computeSNR(const std::vector<double>& original, const std::vector<double>& reconstructed) {
       ^
../../../../posit_fft_test.cpp:227:16: error: no matching function for call to 'computeSNRFloat'
    snrFloat = computeSNRFloat(d_reconstructedSignal, f_reconstructedSignal);
               ^~~~~~~~~~~~~~~
../../../../posit_fft_test.cpp:103:8: note: candidate function not viable: no known conversion from 'hls::stream<double>' to 'const std::vector<double>' for 1st argument
double computeSNRFloat(const std::vector<double>& original, const std::vector<float>& converted) {
       ^
../../../../posit_fft_test.cpp:242:27: error: use of undeclared identifier 'signalStream'
    snrPosit = computeSNR(signalStream, RC_result);
                          ^
../../../../posit_fft_test.cpp:243:32: error: use of undeclared identifier 'signalStream'
    snrFloat = computeSNRFloat(signalStream, f_reconstructedSignal);
                               ^
../../../../posit_fft_test.cpp:244:35: error: use of undeclared identifier 'signalStream'
    double snrDouble = computeSNR(signalStream, d_reconstructedSignal);
                                  ^
1 warning and 19 errors generated.
make: *** [obj/posit_fft_test.o] Error 1
ERROR: [SIM 211-100] 'csim_design' failed: compilation error(s).
INFO: [SIM 211-3] *************** CSIM finish ***************
ERROR: 4
INFO: [HLS 200-112] Total CPU user time: 1 seconds. Total CPU system time: 0 seconds. Total elapsed time: 14.183 seconds; peak allocated memory: 163.297 MB.
